* installing *source* package ‘rbacon’ ...
** package ‘rbacon’ successfully unpacked and MD5 sums checked
** using staged installation
** libs
clang++ -mmacosx-version-min=10.13 -std=gnu++14 -I"/Library/Frameworks/R.framework/Resources/include" -DNDEBUG  -I'/Users/maarten/Library/CloudStorage/Dropbox/devsoftware/rintcal/revdep/library.noindex/rbacon/Rcpp/include' -I/usr/local/include   -fPIC  -Wall -g -O2  -c Matrix.cpp -o Matrix.o
clang++ -mmacosx-version-min=10.13 -std=gnu++14 -I"/Library/Frameworks/R.framework/Resources/include" -DNDEBUG  -I'/Users/maarten/Library/CloudStorage/Dropbox/devsoftware/rintcal/revdep/library.noindex/rbacon/Rcpp/include' -I/usr/local/include   -fPIC  -Wall -g -O2  -c RcppExports.cpp -o RcppExports.o
clang++ -mmacosx-version-min=10.13 -std=gnu++14 -I"/Library/Frameworks/R.framework/Resources/include" -DNDEBUG  -I'/Users/maarten/Library/CloudStorage/Dropbox/devsoftware/rintcal/revdep/library.noindex/rbacon/Rcpp/include' -I/usr/local/include   -fPIC  -Wall -g -O2  -c bacon.cpp -o bacon.o
clang++ -mmacosx-version-min=10.13 -std=gnu++14 -I"/Library/Frameworks/R.framework/Resources/include" -DNDEBUG  -I'/Users/maarten/Library/CloudStorage/Dropbox/devsoftware/rintcal/revdep/library.noindex/rbacon/Rcpp/include' -I/usr/local/include   -fPIC  -Wall -g -O2  -c events.cpp -o events.o
clang++ -mmacosx-version-min=10.13 -std=gnu++14 -I"/Library/Frameworks/R.framework/Resources/include" -DNDEBUG  -I'/Users/maarten/Library/CloudStorage/Dropbox/devsoftware/rintcal/revdep/library.noindex/rbacon/Rcpp/include' -I/usr/local/include   -fPIC  -Wall -g -O2  -c input.cpp -o input.o
clang++ -mmacosx-version-min=10.13 -std=gnu++14 -I"/Library/Frameworks/R.framework/Resources/include" -DNDEBUG  -I'/Users/maarten/Library/CloudStorage/Dropbox/devsoftware/rintcal/revdep/library.noindex/rbacon/Rcpp/include' -I/usr/local/include   -fPIC  -Wall -g -O2  -c kernel.cpp -o kernel.o
clang++ -mmacosx-version-min=10.13 -std=gnu++14 -I"/Library/Frameworks/R.framework/Resources/include" -DNDEBUG  -I'/Users/maarten/Library/CloudStorage/Dropbox/devsoftware/rintcal/revdep/library.noindex/rbacon/Rcpp/include' -I/usr/local/include   -fPIC  -Wall -g -O2  -c ranfun.cpp -o ranfun.o
clang++ -mmacosx-version-min=10.13 -std=gnu++14 -I"/Library/Frameworks/R.framework/Resources/include" -DNDEBUG  -I'/Users/maarten/Library/CloudStorage/Dropbox/devsoftware/rintcal/revdep/library.noindex/rbacon/Rcpp/include' -I/usr/local/include   -fPIC  -Wall -g -O2  -c vector.cpp -o vector.o
clang++ -mmacosx-version-min=10.13 -std=gnu++14 -dynamiclib -Wl,-headerpad_max_install_names -undefined dynamic_lookup -single_module -multiply_defined suppress -L/Library/Frameworks/R.framework/Resources/lib -L/usr/local/lib -o rbacon.so Matrix.o RcppExports.o bacon.o events.o input.o kernel.o ranfun.o vector.o -F/Library/Frameworks/R.framework/.. -framework R -Wl,-framework -Wl,CoreFoundation
installing to /Users/maarten/Library/CloudStorage/Dropbox/devsoftware/rintcal/revdep/checks.noindex/rbacon/old/rbacon.Rcheck/00LOCK-rbacon/00new/rbacon/libs
** R
** inst
** byte-compile and prepare package for lazy loading
** help
*** installing help indices
** building package indices
** installing vignettes
** testing if installed package can be loaded from temporary location
** checking absolute paths in shared objects and dynamic libraries
** testing if installed package can be loaded from final location
** testing if installed package keeps a record of temporary installation path
* DONE (rbacon)
