* installing *source* package ‘rbacon’ ...
** package ‘rbacon’ successfully unpacked and MD5 sums checked
** using staged installation
** libs
using C++ compiler: ‘g++ (GCC) 13.2.1 20230728 (Red Hat 13.2.1-1)’
g++ -std=gnu++17 -I"/usr/include/R" -DNDEBUG  -I'/home/maarten/Dropbox/devsoftware/rintcal/revdep/library/rbacon/Rcpp/include' -I/usr/local/include    -fpic  -O2 -flto=auto -ffat-lto-objects -fexceptions -g -grecord-gcc-switches -pipe -Wall -Werror=format-security -Wp,-U_FORTIFY_SOURCE,-D_FORTIFY_SOURCE=3 -Wp,-D_GLIBCXX_ASSERTIONS -specs=/usr/lib/rpm/redhat/redhat-hardened-cc1 -fstack-protector-strong -specs=/usr/lib/rpm/redhat/redhat-annobin-cc1  -m64  -mtune=generic -fasynchronous-unwind-tables -fstack-clash-protection -fcf-protection -fno-omit-frame-pointer -mno-omit-leaf-frame-pointer   -c Matrix.cpp -o Matrix.o
g++ -std=gnu++17 -I"/usr/include/R" -DNDEBUG  -I'/home/maarten/Dropbox/devsoftware/rintcal/revdep/library/rbacon/Rcpp/include' -I/usr/local/include    -fpic  -O2 -flto=auto -ffat-lto-objects -fexceptions -g -grecord-gcc-switches -pipe -Wall -Werror=format-security -Wp,-U_FORTIFY_SOURCE,-D_FORTIFY_SOURCE=3 -Wp,-D_GLIBCXX_ASSERTIONS -specs=/usr/lib/rpm/redhat/redhat-hardened-cc1 -fstack-protector-strong -specs=/usr/lib/rpm/redhat/redhat-annobin-cc1  -m64  -mtune=generic -fasynchronous-unwind-tables -fstack-clash-protection -fcf-protection -fno-omit-frame-pointer -mno-omit-leaf-frame-pointer   -c RcppExports.cpp -o RcppExports.o
g++ -std=gnu++17 -I"/usr/include/R" -DNDEBUG  -I'/home/maarten/Dropbox/devsoftware/rintcal/revdep/library/rbacon/Rcpp/include' -I/usr/local/include    -fpic  -O2 -flto=auto -ffat-lto-objects -fexceptions -g -grecord-gcc-switches -pipe -Wall -Werror=format-security -Wp,-U_FORTIFY_SOURCE,-D_FORTIFY_SOURCE=3 -Wp,-D_GLIBCXX_ASSERTIONS -specs=/usr/lib/rpm/redhat/redhat-hardened-cc1 -fstack-protector-strong -specs=/usr/lib/rpm/redhat/redhat-annobin-cc1  -m64  -mtune=generic -fasynchronous-unwind-tables -fstack-clash-protection -fcf-protection -fno-omit-frame-pointer -mno-omit-leaf-frame-pointer   -c bacon.cpp -o bacon.o
g++ -std=gnu++17 -I"/usr/include/R" -DNDEBUG  -I'/home/maarten/Dropbox/devsoftware/rintcal/revdep/library/rbacon/Rcpp/include' -I/usr/local/include    -fpic  -O2 -flto=auto -ffat-lto-objects -fexceptions -g -grecord-gcc-switches -pipe -Wall -Werror=format-security -Wp,-U_FORTIFY_SOURCE,-D_FORTIFY_SOURCE=3 -Wp,-D_GLIBCXX_ASSERTIONS -specs=/usr/lib/rpm/redhat/redhat-hardened-cc1 -fstack-protector-strong -specs=/usr/lib/rpm/redhat/redhat-annobin-cc1  -m64  -mtune=generic -fasynchronous-unwind-tables -fstack-clash-protection -fcf-protection -fno-omit-frame-pointer -mno-omit-leaf-frame-pointer   -c events.cpp -o events.o
g++ -std=gnu++17 -I"/usr/include/R" -DNDEBUG  -I'/home/maarten/Dropbox/devsoftware/rintcal/revdep/library/rbacon/Rcpp/include' -I/usr/local/include    -fpic  -O2 -flto=auto -ffat-lto-objects -fexceptions -g -grecord-gcc-switches -pipe -Wall -Werror=format-security -Wp,-U_FORTIFY_SOURCE,-D_FORTIFY_SOURCE=3 -Wp,-D_GLIBCXX_ASSERTIONS -specs=/usr/lib/rpm/redhat/redhat-hardened-cc1 -fstack-protector-strong -specs=/usr/lib/rpm/redhat/redhat-annobin-cc1  -m64  -mtune=generic -fasynchronous-unwind-tables -fstack-clash-protection -fcf-protection -fno-omit-frame-pointer -mno-omit-leaf-frame-pointer   -c gauss.cpp -o gauss.o
g++ -std=gnu++17 -I"/usr/include/R" -DNDEBUG  -I'/home/maarten/Dropbox/devsoftware/rintcal/revdep/library/rbacon/Rcpp/include' -I/usr/local/include    -fpic  -O2 -flto=auto -ffat-lto-objects -fexceptions -g -grecord-gcc-switches -pipe -Wall -Werror=format-security -Wp,-U_FORTIFY_SOURCE,-D_FORTIFY_SOURCE=3 -Wp,-D_GLIBCXX_ASSERTIONS -specs=/usr/lib/rpm/redhat/redhat-hardened-cc1 -fstack-protector-strong -specs=/usr/lib/rpm/redhat/redhat-annobin-cc1  -m64  -mtune=generic -fasynchronous-unwind-tables -fstack-clash-protection -fcf-protection -fno-omit-frame-pointer -mno-omit-leaf-frame-pointer   -c input.cpp -o input.o
g++ -std=gnu++17 -I"/usr/include/R" -DNDEBUG  -I'/home/maarten/Dropbox/devsoftware/rintcal/revdep/library/rbacon/Rcpp/include' -I/usr/local/include    -fpic  -O2 -flto=auto -ffat-lto-objects -fexceptions -g -grecord-gcc-switches -pipe -Wall -Werror=format-security -Wp,-U_FORTIFY_SOURCE,-D_FORTIFY_SOURCE=3 -Wp,-D_GLIBCXX_ASSERTIONS -specs=/usr/lib/rpm/redhat/redhat-hardened-cc1 -fstack-protector-strong -specs=/usr/lib/rpm/redhat/redhat-annobin-cc1  -m64  -mtune=generic -fasynchronous-unwind-tables -fstack-clash-protection -fcf-protection -fno-omit-frame-pointer -mno-omit-leaf-frame-pointer   -c kernel.cpp -o kernel.o
g++ -std=gnu++17 -I"/usr/include/R" -DNDEBUG  -I'/home/maarten/Dropbox/devsoftware/rintcal/revdep/library/rbacon/Rcpp/include' -I/usr/local/include    -fpic  -O2 -flto=auto -ffat-lto-objects -fexceptions -g -grecord-gcc-switches -pipe -Wall -Werror=format-security -Wp,-U_FORTIFY_SOURCE,-D_FORTIFY_SOURCE=3 -Wp,-D_GLIBCXX_ASSERTIONS -specs=/usr/lib/rpm/redhat/redhat-hardened-cc1 -fstack-protector-strong -specs=/usr/lib/rpm/redhat/redhat-annobin-cc1  -m64  -mtune=generic -fasynchronous-unwind-tables -fstack-clash-protection -fcf-protection -fno-omit-frame-pointer -mno-omit-leaf-frame-pointer   -c ranfun.cpp -o ranfun.o
g++ -std=gnu++17 -I"/usr/include/R" -DNDEBUG  -I'/home/maarten/Dropbox/devsoftware/rintcal/revdep/library/rbacon/Rcpp/include' -I/usr/local/include    -fpic  -O2 -flto=auto -ffat-lto-objects -fexceptions -g -grecord-gcc-switches -pipe -Wall -Werror=format-security -Wp,-U_FORTIFY_SOURCE,-D_FORTIFY_SOURCE=3 -Wp,-D_GLIBCXX_ASSERTIONS -specs=/usr/lib/rpm/redhat/redhat-hardened-cc1 -fstack-protector-strong -specs=/usr/lib/rpm/redhat/redhat-annobin-cc1  -m64  -mtune=generic -fasynchronous-unwind-tables -fstack-clash-protection -fcf-protection -fno-omit-frame-pointer -mno-omit-leaf-frame-pointer   -c vector.cpp -o vector.o
g++ -std=gnu++17 -shared -L/usr/lib64/R/lib -Wl,-z,relro -Wl,--as-needed -Wl,-z,now -specs=/usr/lib/rpm/redhat/redhat-hardened-ld -specs=/usr/lib/rpm/redhat/redhat-annobin-cc1 -Wl,--build-id=sha1 -o rbacon.so Matrix.o RcppExports.o bacon.o events.o gauss.o input.o kernel.o ranfun.o vector.o -L/usr/lib64/R/lib -lR
installing to /home/maarten/Dropbox/devsoftware/rintcal/revdep/checks/rbacon/new/rbacon.Rcheck/00LOCK-rbacon/00new/rbacon/libs
** R
** inst
** byte-compile and prepare package for lazy loading
** help
*** installing help indices
** building package indices
** installing vignettes
** testing if installed package can be loaded from temporary location
** checking absolute paths in shared objects and dynamic libraries
** testing if installed package can be loaded from final location
** testing if installed package keeps a record of temporary installation path
* DONE (rbacon)
